<?xml version="1.0" encoding="UTF-8"?>
<!-- Generated by org.testng.reporters.JUnitReportReporter -->
<testsuite skipped="0" hostname="DESKTOP-0I2NV3F" name="ManagerTestCases.ManagerOpenPageTest" tests="3" failures="0" timestamp="2021-12-06T20:41:15 IST" time="2.552" errors="0">
  <testcase name="addingCustomerValidation" time="0.785" classname="ManagerTestCases.ManagerOpenPageTest"/>
  <system-out/>
  <testcase name="openAccountTest" time="1.477" classname="ManagerTestCases.ManagerOpenPageTest"/>
  <system-out/>
  <testcase name="customerSearchtTest" time="0.290" classname="ManagerTestCases.ManagerOpenPageTest"/>
  <system-out/>
</testsuite> <!-- ManagerTestCases.ManagerOpenPageTest -->
